<?xml version="1.0" encoding="UTF-8"?>
<testsuite xmlns:xsi="http://www.w3.org/2001/XMLSchema-instance" xsi:noNamespaceSchemaLocation="https://maven.apache.org/surefire/maven-surefire-plugin/xsd/surefire-test-report-3.0.xsd" version="3.0" name="TestSuite" time="42.371" tests="4" errors="0" skipped="0" failures="0">
  <properties>
[...]
</properties>
  <testcase name="textBox" classname="com.qatools.tests.Elements" time="9.712">
    <system-err><![CDATA[Mar 21, 2021 9:44:46 PM org.openqa.selenium.remote.ProtocolHandshake createSession
INFO: Detected dialect: W3C
]]></system-err>
  </testcase>
  <testcase name="textBox" classname="com.qatools.tests.Elements" time="8.45">
    <system-err><![CDATA[Mar 21, 2021 9:45:07 PM org.openqa.selenium.remote.ProtocolHandshake createSession
INFO: Detected dialect: W3C
]]></system-err>
  </testcase>
  <testcase name="checkBox" classname="com.qatools.tests.Elements" time="7.983"/>
  <testcase name="checkBox" classname="com.qatools.tests.Elements" time="7.66"/>
</testsuite>