<?xml version="1.0" encoding="UTF-8"?>
<testng-results ignored="0" total="2" passed="2" failed="0" skipped="0">
  <reporter-output>
  </reporter-output>
  <suite started-at="2021-03-21T16:45:28 IST" name="Regression" finished-at="2021-03-21T16:45:44 IST" duration-ms="15545">
    <groups>
    </groups>
    <test started-at="2021-03-21T16:45:28 IST" name="FirefoxTests" finished-at="2021-03-21T16:45:38 IST" duration-ms="9856">
      <class name="com.qatools.tests.Elements">
        <test-method is-config="true" signature="beforeTest(java.lang.String)[pri:0, instance:com.qatools.tests.Elements@3514a4c0]" started-at="2021-03-21T16:45:28 IST" name="beforeTest" finished-at="2021-03-21T16:45:33 IST" duration-ms="4881" status="PASS">
          <params>
            <param index="0">
              <value>
                <![CDATA[firefox]]>
              </value>
            </param>
          </params>
          <reporter-output>
          </reporter-output>
        </test-method> <!-- beforeTest -->
        <test-method signature="textBox()[pri:0, instance:com.qatools.tests.Elements@3514a4c0]" started-at="2021-03-21T16:45:33 IST" name="textBox" finished-at="2021-03-21T16:45:38 IST" duration-ms="4269" status="PASS">
          <reporter-output>
          </reporter-output>
        </test-method> <!-- textBox -->
        <test-method is-config="true" signature="closeBrowser()[pri:0, instance:com.qatools.tests.Elements@3514a4c0]" started-at="2021-03-21T16:45:38 IST" name="closeBrowser" finished-at="2021-03-21T16:45:38 IST" duration-ms="675" status="PASS">
          <reporter-output>
          </reporter-output>
        </test-method> <!-- closeBrowser -->
      </class> <!-- com.qatools.tests.Elements -->
    </test> <!-- FirefoxTests -->
    <test started-at="2021-03-21T16:45:38 IST" name="ChromeTests" finished-at="2021-03-21T16:45:44 IST" duration-ms="5679">
      <class name="com.qatools.tests.Elements">
        <test-method is-config="true" signature="beforeTest(java.lang.String)[pri:0, instance:com.qatools.tests.Elements@71def8f8]" started-at="2021-03-21T16:45:38 IST" name="beforeTest" finished-at="2021-03-21T16:45:40 IST" duration-ms="1356" status="PASS">
          <params>
            <param index="0">
              <value>
                <![CDATA[chrome]]>
              </value>
            </param>
          </params>
          <reporter-output>
          </reporter-output>
        </test-method> <!-- beforeTest -->
        <test-method signature="textBox()[pri:0, instance:com.qatools.tests.Elements@71def8f8]" started-at="2021-03-21T16:45:40 IST" name="textBox" finished-at="2021-03-21T16:45:44 IST" duration-ms="4243" status="PASS">
          <reporter-output>
          </reporter-output>
        </test-method> <!-- textBox -->
        <test-method is-config="true" signature="closeBrowser()[pri:0, instance:com.qatools.tests.Elements@71def8f8]" started-at="2021-03-21T16:45:44 IST" name="closeBrowser" finished-at="2021-03-21T16:45:44 IST" duration-ms="76" status="PASS">
          <reporter-output>
          </reporter-output>
        </test-method> <!-- closeBrowser -->
      </class> <!-- com.qatools.tests.Elements -->
    </test> <!-- ChromeTests -->
  </suite> <!-- Regression -->
</testng-results>
