<?xml version="1.0" encoding="UTF-8"?>
<testng-results ignored="0" total="1" passed="1" failed="0" skipped="0">
  <reporter-output>
  </reporter-output>
  <suite started-at="2021-03-15T15:35:26 IST" name="Default suite" finished-at="2021-03-15T15:35:36 IST" duration-ms="9363">
    <groups>
    </groups>
    <test started-at="2021-03-15T15:35:26 IST" name="Default test" finished-at="2021-03-15T15:35:36 IST" duration-ms="9363">
      <class name="com.qatools.tests.First">
        <test-method is-config="true" signature="beforeTest()[pri:0, instance:com.qatools.tests.First@6d3a388c]" started-at="2021-03-15T15:35:26 IST" name="beforeTest" finished-at="2021-03-15T15:35:28 IST" duration-ms="1696" status="PASS">
          <reporter-output>
          </reporter-output>
        </test-method> <!-- beforeTest -->
        <test-method signature="testMethod()[pri:0, instance:com.qatools.tests.First@6d3a388c]" started-at="2021-03-15T15:35:28 IST" name="testMethod" finished-at="2021-03-15T15:35:31 IST" duration-ms="3458" status="PASS">
          <reporter-output>
          </reporter-output>
        </test-method> <!-- testMethod -->
        <test-method is-config="true" signature="closeBrowser()[pri:0, instance:com.qatools.tests.First@6d3a388c]" started-at="2021-03-15T15:35:31 IST" name="closeBrowser" finished-at="2021-03-15T15:35:36 IST" duration-ms="4171" status="PASS">
          <reporter-output>
          </reporter-output>
        </test-method> <!-- closeBrowser -->
      </class> <!-- com.qatools.tests.First -->
    </test> <!-- Default test -->
  </suite> <!-- Default suite -->
</testng-results>
